========================================================================
CLOUD RUN JOB 1: Extracting All Remaining Pairs
========================================================================
Total pairs to process: 26
Estimated time: 30 hours (70 min per pair)
Start time: Fri Dec 12 20:31:49 UTC 2025
Log directory: /home/micha/bqx_ml_v3/logs/extraction
========================================================================


========================================================================
[1/26] Processing: GBPUSD
========================================================================
Start time: Fri Dec 12 20:31:49 UTC 2025
Creating execution...
Provisioning resources.......................done
Starting execution..........................................................................................................................................................................................................................................................................................................................................................................................................................................................................................................................................................................................................................................................................................................................................................................................done
Running execution..........................................................................................................................................................................................................................done
Done.
Execution [bqx-ml-extract-4dkz6] has successfully completed.

View details about this execution by running:
gcloud run jobs executions describe bqx-ml-extract-4dkz6

Or visit https://console.cloud.google.com/run/jobs/executions/details/us-central1/bqx-ml-extract-4dkz6?project=499681702492
✅ SUCCESS: GBPUSD
Checkpoints created: 0
⚠️  WARNING: Only 0 checkpoints (expected 667)
End time: Fri Dec 12 20:33:30 UTC 2025
Progress: 1/26 pairs completed (1 success, 0 failed)


========================================================================
[2/26] Processing: USDJPY
========================================================================
Start time: Fri Dec 12 20:33:30 UTC 2025
Creating execution...
Provisioning resources.......................done
Starting execution...................................................................................................................................................................................................................................................................................................................................................................................................................................................................................................................................................................................................................................................................................done
Running execution............................................................................................................................................................................................................done
Done.
Execution [bqx-ml-extract-95nff] has successfully completed.

View details about this execution by running:
gcloud run jobs executions describe bqx-ml-extract-95nff

Or visit https://console.cloud.google.com/run/jobs/executions/details/us-central1/bqx-ml-extract-95nff?project=499681702492
✅ SUCCESS: USDJPY
Checkpoints created: 0
⚠️  WARNING: Only 0 checkpoints (expected 667)
End time: Fri Dec 12 20:35:00 UTC 2025
Progress: 2/26 pairs completed (2 success, 0 failed)


========================================================================
[3/26] Processing: USDCHF
========================================================================
Start time: Fri Dec 12 20:35:00 UTC 2025
Creating execution...
Provisioning resources.......................done
Starting execution.............................................................................................................................................................................................................................................................................................................................................................................................................................................................................................................................................................................................................................................................................................................................................................................................................................................................................................................................................................done
Running execution................................................................................................................................................................................................done
Done.
Execution [bqx-ml-extract-n98pt] has successfully completed.

View details about this execution by running:
gcloud run jobs executions describe bqx-ml-extract-n98pt

Or visit https://console.cloud.google.com/run/jobs/executions/details/us-central1/bqx-ml-extract-n98pt?project=499681702492
