/home/micha/.local/lib/python3.10/site-packages/google/api_core/_python_version_support.py:266: FutureWarning: You are using a Python version (3.10.12) which Google will stop supporting in new releases of google.api_core once it reaches its end of life (2026-10-04). Please upgrade to the latest Python version, or at least Python 3.11, to continue receiving updates for google.api_core past that date.
  warnings.warn(message, FutureWarning)

*** FULL RUN - REQUIRES CE APPROVAL ***

======================================================================
SEQUENTIAL PAIR PROCESSING - USER MANDATE
(All 12 workers focus on ONE pair at a time)
======================================================================
Pairs: 28
Table workers per pair: 12
Date range: 2020-01-01 to 2024-12-31
======================================================================

======================================================================
PAIR 1/28: EURUSD
======================================================================

==================================================
Processing EURUSD
==================================================
  Querying EURUSD (CHECKPOINT MODE - 12 parallel workers)...
    Targets: CACHED
    Tables: 669 total
      - pair_specific: 256
      - triangulation: 194
      - market_wide: 12
      - variance: 63
      - currency_strength: 144
    Fetching columns for 669 tables (batch query)...
    Cached columns for 669 tables
    Status: 11 cached, 658 pending
    Starting PARALLEL extraction (12 workers)...
      [ 12/669] corr_etf_bqx_eurusd_ewj: +7 cols SAVED
      [ 13/669] corr_etf_bqx_eurusd_ewg: +7 cols SAVED
      [ 14/669] corr_etf_bqx_eurusd_spy: +7 cols SAVED
      [ 15/669] corr_etf_bqx_eurusd_uup: +7 cols SAVED
      [ 16/669] corr_etf_bqx_eurusd_ewu: +7 cols SAVED
      [ 17/669] corr_etf_bqx_eurusd_gld: +7 cols SAVED
      [ 18/669] corr_etf_bqx_eurusd_vix: +7 cols SAVED
      [ 19/669] corr_etf_idx_eurusd_ewa: +8 cols SAVED
      [ 20/669] corr_etf_idx_eurusd_ewj: +8 cols SAVED
      [ 21/669] corr_etf_idx_eurusd_ewg: +8 cols SAVED
      [ 22/669] corr_etf_idx_eurusd_ewu: +8 cols SAVED
      [ 23/669] corr_etf_idx_eurusd_gld: +8 cols SAVED
      [ 24/669] corr_etf_idx_eurusd_uup: +8 cols SAVED
      [ 25/669] corr_etf_idx_eurusd_vix: +8 cols SAVED
      [ 26/669] corr_ibkr_eurusd_ewa: +8 cols SAVED
      [ 27/669] corr_etf_idx_eurusd_spy: +8 cols SAVED
      [ 28/669] corr_ibkr_eurusd_ewg: +8 cols SAVED
      [ 29/669] corr_ibkr_eurusd_ewj: +8 cols SAVED
      [ 30/669] align_bqx_eurusd: +42 cols SAVED
      [ 31/669] corr_ibkr_eurusd_ewu: +8 cols SAVED
      [ 32/669] align_eurusd: +42 cols SAVED
      [ 33/669] corr_ibkr_eurusd_gld: +8 cols SAVED
      [ 34/669] corr_ibkr_eurusd_uup: +8 cols SAVED
      [ 35/669] corr_ibkr_eurusd_vix: +8 cols SAVED
      [ 36/669] align_idx_eurusd: +42 cols SAVED
      [ 37/669] corr_ibkr_eurusd_spy: +8 cols SAVED
      [ 38/669] cov_agg_audusd_eurusd: +13 cols SAVED
      [ 39/669] cov_agg_bqx_audusd_eurusd: +13 cols SAVED
      [ 40/669] cov_agg_bqx_euraud_eurusd: +13 cols SAVED
      [ 41/669] cov_agg_bqx_eurcad_eurusd: +13 cols SAVED
      [ 42/669] cov_agg_bqx_eurjpy_eurusd: +13 cols SAVED
      [ 43/669] cov_agg_bqx_eurchf_eurusd: +13 cols SAVED
      [ 44/669] cov_agg_bqx_eurgbp_eurusd: +13 cols SAVED
      [ 45/669] cov_agg_bqx_eurusd_gbpusd: +13 cols SAVED
      [ 46/669] cov_agg_bqx_eurnzd_eurusd: +13 cols SAVED
      [ 47/669] cov_agg_bqx_eurusd_nzdusd: +13 cols SAVED
      [ 48/669] agg_eurusd: +64 cols SAVED
      [ 49/669] cov_agg_bqx_eurusd_usdcad: +13 cols SAVED
      [ 50/669] agg_idx_eurusd: +64 cols SAVED
      [ 51/669] cov_agg_euraud_eurusd: +13 cols SAVED
      [ 52/669] cov_agg_bqx_eurusd_usdchf: +13 cols SAVED
      [ 53/669] cov_agg_eurchf_eurusd: +13 cols SAVED
      [ 54/669] cov_agg_bqx_eurusd_usdjpy: +13 cols SAVED
      [ 55/669] cov_agg_eurcad_eurusd: +13 cols SAVED
      [ 56/669] cov_agg_eurjpy_eurusd: +13 cols SAVED
      [ 57/669] cov_agg_eurgbp_eurusd: +13 cols SAVED
      [ 58/669] agg_bqx_eurusd: +64 cols SAVED
      [ 59/669] cov_agg_eurnzd_eurusd: +13 cols SAVED
      [ 60/669] cov_agg_eurusd_gbpusd: +13 cols SAVED
      [ 61/669] cov_agg_eurusd_nzdusd: +13 cols SAVED
      === Progress: 50/658 (0.2/s, ~2850s remaining) ===
      [ 62/669] cov_agg_eurusd_usdcad: +13 cols SAVED
      [ 63/669] cov_agg_eurusd_usdjpy: +13 cols SAVED
      [ 64/669] cov_agg_eurusd_usdchf: +13 cols SAVED
      [ 65/669] cov_agg_idx_audusd_eurusd: +13 cols SAVED
      [ 66/669] cov_agg_idx_eurchf_eurusd: +13 cols SAVED
      [ 67/669] cov_agg_idx_euraud_eurusd: +13 cols SAVED
      [ 68/669] cov_agg_idx_eurcad_eurusd: +13 cols SAVED
      [ 69/669] cov_agg_idx_eurgbp_eurusd: +13 cols SAVED
      [ 70/669] cov_agg_idx_eurnzd_eurusd: +13 cols SAVED
      [ 71/669] cov_agg_idx_eurjpy_eurusd: +13 cols SAVED
      [ 72/669] cov_align_audusd_eurusd: +13 cols SAVED
      [ 73/669] cov_align_bqx_euraud_eurusd: +13 cols SAVED
      [ 74/669] cov_align_bqx_audusd_eurusd: +13 cols SAVED
      [ 75/669] cov_align_bqx_eurcad_eurusd: +13 cols SAVED
      [ 76/669] cov_align_bqx_eurchf_eurusd: +13 cols SAVED
      [ 77/669] cov_agg_idx_eurusd_gbpusd: +13 cols SAVED
      [ 78/669] cov_agg_idx_eurusd_nzdusd: +13 cols SAVED
      [ 79/669] cov_agg_idx_eurusd_usdcad: +13 cols SAVED
      [ 80/669] cov_align_bqx_eurgbp_eurusd: +13 cols SAVED
      [ 81/669] cov_agg_idx_eurusd_usdchf: +13 cols SAVED
      [ 82/669] cov_agg_idx_eurusd_usdjpy: +13 cols SAVED
      [ 83/669] cov_align_bqx_eurjpy_eurusd: +13 cols SAVED
      [ 84/669] cov_align_bqx_eurusd_gbpusd: +13 cols SAVED
      [ 85/669] cov_align_bqx_eurnzd_eurusd: +13 cols SAVED
      [ 86/669] cov_align_bqx_eurusd_nzdusd: +13 cols SAVED
      [ 87/669] cov_align_bqx_eurusd_usdcad: +13 cols SAVED
      [ 88/669] cov_align_bqx_eurusd_usdchf: +13 cols SAVED
      [ 89/669] cov_align_euraud_eurusd: +13 cols SAVED
      [ 90/669] cov_align_eurcad_eurusd: +13 cols SAVED
      [ 91/669] cov_align_bqx_eurusd_usdjpy: +13 cols SAVED
      [ 92/669] cov_align_eurgbp_eurusd: +13 cols SAVED
      [ 93/669] cov_align_eurchf_eurusd: +13 cols SAVED
      [ 94/669] cov_align_eurjpy_eurusd: +13 cols SAVED
      [ 95/669] cov_align_eurusd_gbpusd: +13 cols SAVED
      [ 96/669] cov_align_eurnzd_eurusd: +13 cols SAVED
      [ 97/669] cov_align_eurusd_nzdusd: +13 cols SAVED
      [ 98/669] cov_align_eurusd_usdcad: +13 cols SAVED
      [ 99/669] cov_align_eurusd_usdchf: +13 cols SAVED
      [100/669] cov_align_eurusd_usdjpy: +13 cols SAVED
      [101/669] cov_lag_audusd_eurusd: +15 cols SAVED
      [102/669] cov_lag_bqx_audusd_eurusd: +15 cols SAVED
      [103/669] cov_lag_bqx_euraud_eurusd: +15 cols SAVED
      [104/669] cov_lag_bqx_eurcad_eurusd: +15 cols SAVED
      [105/669] cov_lag_bqx_eurchf_eurusd: +15 cols SAVED
      [106/669] cov_lag_bqx_eurgbp_eurusd: +15 cols SAVED
      [107/669] cov_lag_bqx_eurnzd_eurusd: +15 cols SAVED
      [108/669] cov_lag_bqx_eurusd_gbpusd: +15 cols SAVED
      [109/669] cov_lag_bqx_eurjpy_eurusd: +15 cols SAVED
      [110/669] cov_lag_bqx_eurusd_nzdusd: +15 cols SAVED
      [111/669] cov_lag_bqx_eurusd_usdcad: +15 cols SAVED
      === Progress: 100/658 (0.2/s, ~2252s remaining) ===
      [112/669] cov_lag_bqx_eurusd_usdchf: +15 cols SAVED
      [113/669] cov_lag_euraud_eurusd: +15 cols SAVED
      [114/669] cov_lag_bqx_eurusd_usdjpy: +15 cols SAVED
      [115/669] cov_lag_eurcad_eurusd: +15 cols SAVED
      [116/669] cov_lag_eurchf_eurusd: +15 cols SAVED
      [117/669] cov_lag_eurgbp_eurusd: +15 cols SAVED
      [118/669] cov_lag_eurjpy_eurusd: +15 cols SAVED
      [119/669] cov_lag_eurusd_gbpusd: +15 cols SAVED
      [120/669] cov_lag_eurnzd_eurusd: +15 cols SAVED
      [121/669] cov_lag_eurusd_nzdusd: +15 cols SAVED
      [122/669] cov_lag_eurusd_usdcad: +15 cols SAVED
      [123/669] cov_lag_eurusd_usdchf: +15 cols SAVED
      [124/669] cov_lag_eurusd_usdjpy: +15 cols SAVED
      [125/669] cov_mom_audusd_eurusd: +13 cols SAVED
      [126/669] cov_mom_bqx_audusd_eurusd: +13 cols SAVED
      [127/669] cov_mom_bqx_euraud_eurusd: +13 cols SAVED
      [128/669] cov_mom_bqx_eurcad_eurusd: +13 cols SAVED
      [129/669] cov_mom_bqx_eurchf_eurusd: +13 cols SAVED
      [130/669] cov_mom_bqx_eurgbp_eurusd: +13 cols SAVED
      [131/669] cov_mom_bqx_eurjpy_eurusd: +13 cols SAVED
      [132/669] cov_mom_bqx_eurnzd_eurusd: +13 cols SAVED
      [133/669] cov_mom_bqx_eurusd_nzdusd: +13 cols SAVED
      [134/669] cov_mom_bqx_eurusd_gbpusd: +13 cols SAVED
      [135/669] cov_mom_bqx_eurusd_usdchf: +13 cols SAVED
      [136/669] cov_mom_bqx_eurusd_usdcad: +13 cols SAVED
      [137/669] cov_mom_euraud_eurusd: +13 cols SAVED
      [138/669] cov_mom_bqx_eurusd_usdjpy: +13 cols SAVED
      [139/669] cov_mom_eurcad_eurusd: +13 cols SAVED
      [140/669] cov_mom_eurchf_eurusd: +13 cols SAVED
      [141/669] cov_mom_eurgbp_eurusd: +13 cols SAVED
      [142/669] cov_mom_eurjpy_eurusd: +13 cols SAVED
      [143/669] cov_mom_eurusd_gbpusd: +13 cols SAVED
      [144/669] cov_mom_eurnzd_eurusd: +13 cols SAVED
      [145/669] cov_mom_eurusd_nzdusd: +13 cols SAVED
      [146/669] cov_mom_eurusd_usdcad: +13 cols SAVED
      [147/669] cov_mom_eurusd_usdchf: +13 cols SAVED
      [148/669] cov_mom_eurusd_usdjpy: +13 cols SAVED
      [149/669] cov_reg_audusd_eurusd: +13 cols SAVED
      [150/669] cov_reg_bqx_euraud_eurusd: +13 cols SAVED
      [151/669] cov_reg_bqx_audusd_eurusd: +13 cols SAVED
      [152/669] cov_reg_bqx_eurcad_eurusd: +13 cols SAVED
      [153/669] cov_reg_bqx_eurchf_eurusd: +13 cols SAVED
      [154/669] cov_reg_bqx_eurgbp_eurusd: +13 cols SAVED
      [155/669] cov_reg_bqx_eurnzd_eurusd: +13 cols SAVED
      [156/669] cov_reg_bqx_eurjpy_eurusd: +13 cols SAVED
      [157/669] cov_reg_bqx_eurusd_gbpusd: +13 cols SAVED
      [158/669] cov_reg_bqx_eurusd_nzdusd: +13 cols SAVED
      [159/669] cov_reg_bqx_eurusd_usdcad: +13 cols SAVED
      [160/669] cov_reg_bqx_eurusd_usdchf: +13 cols SAVED
      [161/669] cov_reg_bqx_eurusd_usdjpy: +13 cols SAVED
      === Progress: 150/658 (0.3/s, ~2016s remaining) ===
      [162/669] cov_reg_euraud_eurusd: +13 cols SAVED
      [163/669] cov_reg_eurcad_eurusd: +13 cols SAVED
      [164/669] cov_reg_eurgbp_eurusd: +13 cols SAVED
      [165/669] cov_reg_eurjpy_eurusd: +13 cols SAVED
      [166/669] cov_reg_eurchf_eurusd: +13 cols SAVED
      [167/669] cov_reg_eurnzd_eurusd: +13 cols SAVED
      [168/669] cov_reg_eurusd_gbpusd: +13 cols SAVED
      [169/669] cov_regime_audusd_eurusd: +12 cols SAVED
      [170/669] cov_reg_eurusd_nzdusd: +13 cols SAVED
      [171/669] cov_reg_eurusd_usdcad: +13 cols SAVED
      [172/669] cov_regime_bqx_audusd_eurusd: +12 cols SAVED
      [173/669] cov_regime_bqx_euraud_eurusd: +12 cols SAVED
      [174/669] cov_reg_eurusd_usdchf: +13 cols SAVED
      [175/669] cov_reg_eurusd_usdjpy: +13 cols SAVED
      [176/669] cov_regime_bqx_eurcad_eurusd: +12 cols SAVED
      [177/669] cov_regime_bqx_eurjpy_eurusd: +12 cols SAVED
      [178/669] cov_regime_bqx_eurgbp_eurusd: +12 cols SAVED
      [179/669] cov_regime_bqx_eurchf_eurusd: +12 cols SAVED
      [180/669] cov_regime_bqx_eurnzd_eurusd: +12 cols SAVED
      [181/669] cov_regime_bqx_eurusd_gbpusd: +12 cols SAVED
      [182/669] cov_regime_eurcad_eurusd: +12 cols SAVED
      [183/669] cov_regime_euraud_eurusd: +12 cols SAVED
      [184/669] cov_regime_bqx_eurusd_nzdusd: +12 cols SAVED
      [185/669] cov_regime_bqx_eurusd_usdchf: +12 cols SAVED
      [186/669] cov_regime_bqx_eurusd_usdcad: +12 cols SAVED
      [187/669] cov_regime_eurchf_eurusd: +12 cols SAVED
      [188/669] cov_regime_eurjpy_eurusd: +12 cols SAVED
      [189/669] cov_regime_bqx_eurusd_usdjpy: +12 cols SAVED
      [190/669] cov_regime_eurgbp_eurusd: +12 cols SAVED
      [191/669] cov_regime_eurnzd_eurusd: +12 cols SAVED
      [192/669] cov_regime_eurusd_gbpusd: +12 cols SAVED
      [193/669] cov_regime_eurusd_nzdusd: +12 cols SAVED
      [194/669] cov_regime_eurusd_usdcad: +12 cols SAVED
      [195/669] cov_regime_eurusd_usdchf: +12 cols SAVED
      [196/669] cov_regime_eurusd_usdjpy: +12 cols SAVED
      [197/669] cov_vol_audusd_eurusd: +13 cols SAVED
      [198/669] cov_vol_bqx_eurcad_eurusd: +13 cols SAVED
      [199/669] cov_vol_bqx_audusd_eurusd: +13 cols SAVED
      [200/669] cov_vol_bqx_euraud_eurusd: +13 cols SAVED
      [201/669] cov_vol_bqx_eurchf_eurusd: +13 cols SAVED
      [202/669] cov_vol_bqx_eurusd_gbpusd: +13 cols SAVED
      [203/669] cov_vol_bqx_eurgbp_eurusd: +13 cols SAVED
      [204/669] cov_vol_bqx_eurjpy_eurusd: +13 cols SAVED
      [205/669] cov_vol_bqx_eurusd_nzdusd: +13 cols SAVED
      [206/669] cov_vol_bqx_eurnzd_eurusd: +13 cols SAVED
      [207/669] cov_vol_bqx_eurusd_usdcad: +13 cols SAVED
      [208/669] cov_vol_bqx_eurusd_usdchf: +13 cols SAVED
      [209/669] cov_vol_bqx_eurusd_usdjpy: +13 cols SAVED
      [210/669] cov_vol_euraud_eurusd: +13 cols SAVED
      [211/669] cov_vol_eurchf_eurusd: +13 cols SAVED
      === Progress: 200/658 (0.3/s, ~1749s remaining) ===
      [212/669] cov_vol_eurcad_eurusd: +13 cols SAVED
      [213/669] cov_vol_eurnzd_eurusd: +13 cols SAVED
      [214/669] cov_vol_eurgbp_eurusd: +13 cols SAVED
      [215/669] cov_vol_eurjpy_eurusd: +13 cols SAVED
      [216/669] cov_vol_eurusd_gbpusd: +13 cols SAVED
      [217/669] cov_vol_eurusd_usdcad: +13 cols SAVED
      [218/669] cov_vol_eurusd_nzdusd: +13 cols SAVED
      [219/669] cov_vol_eurusd_usdchf: +13 cols SAVED
      [220/669] cov_vol_eurusd_usdjpy: +13 cols SAVED
      [221/669] cyc_bqx_eurusd: +4 cols SAVED
      [222/669] div_eurusd: +6 cols SAVED
      [223/669] div_bqx_eurusd: +6 cols SAVED
      [224/669] div_idx_eurusd: +6 cols SAVED
      [225/669] lag_bqx_eurusd_90: +10 cols SAVED
      [226/669] lag_bqx_eurusd_45: +10 cols SAVED
      [227/669] der_idx_eurusd: +15 cols SAVED
      [228/669] der_eurusd: +15 cols SAVED
      [229/669] lag_bqx_eurusd_w45: +10 cols SAVED
      [230/669] lag_bqx_eurusd_w90: +10 cols SAVED
      [231/669] lag_eurusd_45: +11 cols SAVED
      [232/669] lag_eurusd_90: +11 cols SAVED
      [233/669] der_bqx_eurusd: +15 cols SAVED
      [234/669] lag_idx_eurusd_w45: +11 cols SAVED
      [235/669] lag_idx_eurusd_w90: +11 cols SAVED
      [236/669] ext_bqx_eurusd: +16 cols SAVED
      [237/669] mrt_bqx_eurusd: +10 cols SAVED
      [238/669] mrt_idx_eurusd: +10 cols SAVED
      [239/669] mrt_eurusd: +10 cols SAVED
      [240/669] regime_eurusd_45: +13 cols SAVED
      [241/669] regime_bqx_eurusd_90: +19 cols SAVED
      [242/669] regime_bqx_eurusd_45: +19 cols SAVED
      [243/669] regime_eurusd_90: +13 cols SAVED
      [244/669] rev_eurusd: +10 cols SAVED
      [245/669] tmp_eurusd: +23 cols SAVED
      [246/669] rev_idx_eurusd: +10 cols SAVED
      [247/669] rev_bqx_eurusd: +10 cols SAVED
      [248/669] tri_agg_bqx_aud_usd_cad: +14 cols SAVED
      [249/669] tri_agg_bqx_aud_usd_chf: +14 cols SAVED
      [250/669] mom_bqx_eurusd: +43 cols SAVED
      [251/669] mom_eurusd: +43 cols SAVED
      [252/669] tri_agg_bqx_aud_usd_jpy: +14 cols SAVED
      [253/669] mom_idx_eurusd: +43 cols SAVED
      [254/669] vol_bqx_eurusd: +31 cols SAVED
      [255/669] tri_agg_bqx_aud_usd_nzd: +14 cols SAVED
      [256/669] tri_agg_bqx_eur_usd_aud: +14 cols SAVED
      [257/669] tri_agg_bqx_eur_usd_cad: +14 cols SAVED
      [258/669] tri_agg_bqx_eur_usd_chf: +14 cols SAVED
      [259/669] tri_agg_bqx_eur_usd_gbp: +14 cols SAVED
      [260/669] vol_eurusd: +31 cols SAVED
      [261/669] tri_agg_bqx_eur_usd_jpy: +14 cols SAVED
      === Progress: 250/658 (0.3/s, ~1617s remaining) ===
      [262/669] vol_idx_eurusd: +31 cols SAVED
      [263/669] tri_agg_bqx_gbp_usd_aud: +14 cols SAVED
      [264/669] tri_agg_bqx_eur_usd_nzd: +14 cols SAVED
      [265/669] tri_agg_bqx_gbp_usd_cad: +14 cols SAVED
      [266/669] tri_agg_bqx_gbp_usd_chf: +14 cols SAVED
      [267/669] tri_agg_bqx_gbp_usd_jpy: +14 cols SAVED
      [268/669] tri_agg_bqx_gbp_usd_nzd: +14 cols SAVED
      [269/669] tri_agg_bqx_nzd_usd_cad: +14 cols SAVED
      [270/669] tri_agg_bqx_nzd_usd_jpy: +14 cols SAVED
      [271/669] tri_agg_bqx_nzd_usd_chf: +14 cols SAVED
      [272/669] tri_agg_idx_aud_usd_cad: +14 cols SAVED
      [273/669] tri_agg_idx_aud_usd_chf: +14 cols SAVED
      [274/669] tri_agg_idx_aud_usd_jpy: +14 cols SAVED
      [275/669] tri_agg_idx_aud_usd_nzd: +14 cols SAVED
      [276/669] tri_agg_idx_eur_usd_aud: +14 cols SAVED
      [277/669] tri_agg_idx_eur_usd_chf: +14 cols SAVED
      [278/669] tri_agg_idx_eur_usd_cad: +14 cols SAVED
      [279/669] tri_agg_idx_eur_usd_gbp: +14 cols SAVED
      [280/669] tri_agg_idx_eur_usd_jpy: +14 cols SAVED
      [281/669] tri_agg_idx_eur_usd_nzd: +14 cols SAVED
      [282/669] tri_agg_idx_gbp_usd_aud: +14 cols SAVED
      [283/669] tri_agg_idx_gbp_usd_chf: +14 cols SAVED
      [284/669] tri_agg_idx_gbp_usd_cad: +14 cols SAVED
      [285/669] tri_agg_idx_gbp_usd_nzd: +14 cols SAVED
      [286/669] tri_agg_idx_gbp_usd_jpy: +14 cols SAVED
      [287/669] tri_agg_idx_nzd_usd_cad: +14 cols SAVED
      [288/669] tri_agg_idx_nzd_usd_chf: +14 cols SAVED
      [289/669] tri_agg_idx_nzd_usd_jpy: +14 cols SAVED
      [290/669] tri_align_bqx_aud_usd_cad: +14 cols SAVED
      [291/669] tri_align_bqx_aud_usd_nzd: +14 cols SAVED
      [292/669] tri_align_bqx_aud_usd_chf: +14 cols SAVED
      [293/669] tri_align_bqx_aud_usd_jpy: +14 cols SAVED
      [294/669] tri_align_bqx_eur_usd_cad: +14 cols SAVED
      [295/669] tri_align_bqx_eur_usd_aud: +14 cols SAVED
      [296/669] tri_align_bqx_eur_usd_chf: +14 cols SAVED
      [297/669] tri_align_bqx_eur_usd_jpy: +14 cols SAVED
      [298/669] tri_align_bqx_eur_usd_gbp: +14 cols SAVED
      [299/669] tri_align_bqx_eur_usd_nzd: +14 cols SAVED
      [300/669] tri_align_bqx_gbp_usd_chf: +14 cols SAVED
      [301/669] tri_align_bqx_gbp_usd_cad: +14 cols SAVED
      [302/669] tri_align_bqx_gbp_usd_aud: +14 cols SAVED
      [303/669] tri_align_bqx_gbp_usd_nzd: +14 cols SAVED
      [304/669] tri_align_bqx_gbp_usd_jpy: +14 cols SAVED
      [305/669] tri_align_bqx_nzd_usd_cad: +14 cols SAVED
      [306/669] tri_align_bqx_nzd_usd_chf: +14 cols SAVED
      [307/669] tri_align_bqx_nzd_usd_jpy: +14 cols SAVED
