/home/micha/.local/lib/python3.10/site-packages/google/api_core/_python_version_support.py:266: FutureWarning: You are using a Python version (3.10.12) which Google will stop supporting in new releases of google.api_core once it reaches its end of life (2026-10-04). Please upgrade to the latest Python version, or at least Python 3.11, to continue receiving updates for google.api_core past that date.
  warnings.warn(message, FutureWarning)

*** FULL RUN - REQUIRES CE APPROVAL ***

======================================================================
SEQUENTIAL PAIR PROCESSING - USER MANDATE
(All 12 workers focus on ONE pair at a time)
======================================================================
Pairs: 28
Table workers per pair: 16
Date range: 2020-01-01 to 2024-12-31
======================================================================

======================================================================
PAIR 1/28: EURUSD
======================================================================

==================================================
Processing EURUSD
==================================================
  Querying EURUSD (CHECKPOINT MODE - 12 parallel workers)...
    Targets: CACHED
    Tables: 669 total
      - pair_specific: 256
      - triangulation: 194
      - market_wide: 12
      - variance: 63
      - currency_strength: 144
    Fetching columns for 669 tables (batch query)...
    Cached columns for 669 tables
    Status: 307 cached, 362 pending
    Starting PARALLEL extraction (12 workers)...
      [308/669] tri_align_idx_eur_usd_aud: +14 cols SAVED
      [309/669] tri_align_idx_eur_usd_jpy: +14 cols SAVED
      [310/669] tri_align_idx_eur_usd_cad: +14 cols SAVED
      [311/669] tri_align_idx_aud_usd_chf: +14 cols SAVED
      [312/669] tri_align_idx_aud_usd_jpy: +14 cols SAVED
      [313/669] tri_align_idx_aud_usd_cad: +14 cols SAVED
      [314/669] tri_align_idx_eur_usd_gbp: +14 cols SAVED
      [315/669] tri_align_idx_aud_usd_nzd: +14 cols SAVED
      [316/669] tri_align_idx_eur_usd_chf: +14 cols SAVED
