/home/micha/.local/lib/python3.10/site-packages/google/api_core/_python_version_support.py:266: FutureWarning: You are using a Python version (3.10.12) which Google will stop supporting in new releases of google.api_core once it reaches its end of life (2026-10-04). Please upgrade to the latest Python version, or at least Python 3.11, to continue receiving updates for google.api_core past that date.
  warnings.warn(message, FutureWarning)

*** FULL RUN - REQUIRES CE APPROVAL ***

======================================================================
SEQUENTIAL PAIR PROCESSING - USER MANDATE
(All 16 workers focus on ONE pair at a time)
======================================================================
Pairs: 28
Table workers per pair: 16
Date range: 2020-01-01 to 2024-12-31
======================================================================

======================================================================
PAIR 1/28: EURUSD
======================================================================

==================================================
Processing EURUSD
==================================================
  Querying EURUSD (CHECKPOINT MODE - 16 parallel workers)...
    Targets: 100,000 rows SAVED
    Tables: 667 total
      - pair_specific: 256
      - triangulation: 194
      - market_wide: 10
      - variance: 63
      - currency_strength: 144
    Fetching columns for 667 tables (batch query)...
    Cached columns for 667 tables
    Status: 667 cached, 0 pending
    All tables already extracted!
    Merging checkpoints...
