/home/micha/.local/lib/python3.10/site-packages/google/api_core/_python_version_support.py:266: FutureWarning: You are using a Python version (3.10.12) which Google will stop supporting in new releases of google.api_core once it reaches its end of life (2026-10-04). Please upgrade to the latest Python version, or at least Python 3.11, to continue receiving updates for google.api_core past that date.
  warnings.warn(message, FutureWarning)

*** FULL RUN - REQUIRES CE APPROVAL ***

======================================================================
SEQUENTIAL PAIR PROCESSING - USER MANDATE
(All 16 workers focus on ONE pair at a time)
======================================================================
Pairs: 28
Table workers per pair: 16
Date range: 2020-01-01 to 2024-12-31
======================================================================

======================================================================
PAIR 1/28: EURUSD
======================================================================

==================================================
Processing EURUSD
==================================================
  Querying EURUSD (CHECKPOINT MODE - 16 parallel workers)...
    Targets: CACHED
    Tables: 669 total
      - pair_specific: 256
      - triangulation: 194
      - market_wide: 12
      - variance: 63
      - currency_strength: 144
    Fetching columns for 669 tables (batch query)...
    Cached columns for 669 tables
    Status: 619 cached, 50 pending
    Starting PARALLEL extraction (16 workers)...
      [620/669] mkt_reg_summary: ERROR - 404 Not found: Table bqx-ml:bqx_ml_v3_features_v2.targets_eurusd was not found in location us-central1; reason: notFound, message: Not found: Table bqx-ml:bqx_ml_v3_features_v2.targets_eurusd was not found in location us-central1

Location: us-central1
Job ID: ffdbfbb9-1a10-4b34-a7d9-8b525f0c6bb9

      [621/669] mkt_reg_bqx_summary: ERROR - 404 Not found: Table bqx-ml:bqx_ml_v3_features_v2.targets_eurusd was not found in location us-central1; reason: notFound, message: Not found: Table bqx-ml:bqx_ml_v3_features_v2.targets_eurusd was not found in location us-central1

Location: us-central1
Job ID: c465dafe-2342-4a44-bd66-c79ec02b7c68

